  % Total    % Received % Xferd  Average Speed   Time    Time     Time  Current
                                 Dload  Upload   Total   Spent    Left  Speed
  0     0    0     0    0     0      0      0 --:--:-- --:--:-- --:--:--     0  0     0    0     0    0     0      0      0 --:--:-- --:--:-- --:--:--     0
nvcc: NVIDIA (R) Cuda compiler driver
Copyright (c) 2005-2019 NVIDIA Corporation
Built on Fri_Feb__8_19:08:17_PST_2019
Cuda compilation tools, release 10.1, V10.1.105
Modules loaded
Python 3.7.1

/beegfs/home/users/f/freya.behrens.1/.pyenv/versions/3.7.1/lib/python37.zip
/beegfs/home/users/f/freya.behrens.1/.pyenv/versions/3.7.1/lib/python3.7
/beegfs/home/users/f/freya.behrens.1/.pyenv/versions/3.7.1/lib/python3.7/lib-dynload
/home/users/f/freya.behrens.1/virtualenv2/lib/python3.7/site-packages

/beegfs/home/cluster/python/3.7.1/lib/python37.zip
/beegfs/home/cluster/python/3.7.1/lib/python3.7
/beegfs/home/cluster/python/3.7.1/lib/python3.7/lib-dynload
/home/users/f/freya.behrens.1/.local/lib/python3.7/site-packages
/beegfs/home/cluster/python/3.7.1/lib/python3.7/site-packages
/beegfs/home/users/f/freya.behrens.1/.pyenv/versions/3.7.1/lib/python37.zip
/beegfs/home/users/f/freya.behrens.1/.pyenv/versions/3.7.1/lib/python3.7
/beegfs/home/users/f/freya.behrens.1/.pyenv/versions/3.7.1/lib/python3.7/lib-dynload
/home/users/f/freya.behrens.1/virtualenv2/lib/python3.7/site-packages
True
Script run
